{"C:\\Users\\Administrator\\Desktop\\小轮子\\vue-savedata\\index.js": {"path":"C:\\Users\\Administrator\\Desktop\\小轮子\\vue-savedata\\index.js","statementMap":{"0":{"start":{"line":26,"column":8},"end":{"line":26,"column":59}},"1":{"start":{"line":29,"column":21},"end":{"line":29,"column":61}},"2":{"start":{"line":30,"column":8},"end":{"line":30,"column":30}},"3":{"start":{"line":30,"column":19},"end":{"line":30,"column":30}},"4":{"start":{"line":32,"column":8},"end":{"line":32,"column":43}},"5":{"start":{"line":35,"column":4},"end":{"line":66,"column":5}},"6":{"start":{"line":36,"column":19},"end":{"line":36,"column":21}},"7":{"start":{"line":37,"column":8},"end":{"line":39,"column":28}},"8":{"start":{"line":38,"column":12},"end":{"line":38,"column":57}},"9":{"start":{"line":39,"column":17},"end":{"line":39,"column":26}},"10":{"start":{"line":40,"column":8},"end":{"line":47,"column":28}},"11":{"start":{"line":41,"column":32},"end":{"line":41,"column":72}},"12":{"start":{"line":42,"column":12},"end":{"line":46,"column":13}},"13":{"start":{"line":43,"column":16},"end":{"line":43,"column":48}},"14":{"start":{"line":45,"column":16},"end":{"line":45,"column":34}},"15":{"start":{"line":47,"column":17},"end":{"line":47,"column":26}},"16":{"start":{"line":48,"column":8},"end":{"line":50,"column":9}},"17":{"start":{"line":49,"column":12},"end":{"line":49,"column":49}},"18":{"start":{"line":51,"column":8},"end":{"line":51,"column":61}},"19":{"start":{"line":53,"column":8},"end":{"line":65,"column":10}},"20":{"start":{"line":56,"column":8},"end":{"line":59,"column":9}},"21":{"start":{"line":57,"column":12},"end":{"line":57,"column":57}},"22":{"start":{"line":58,"column":12},"end":{"line":58,"column":26}},"23":{"start":{"line":58,"column":20},"end":{"line":58,"column":26}},"24":{"start":{"line":60,"column":8},"end":{"line":63,"column":9}},"25":{"start":{"line":61,"column":12},"end":{"line":61,"column":59}},"26":{"start":{"line":62,"column":12},"end":{"line":62,"column":18}},"27":{"start":{"line":64,"column":8},"end":{"line":64,"column":53}},"28":{"start":{"line":70,"column":4},"end":{"line":73,"column":5}},"29":{"start":{"line":71,"column":8},"end":{"line":71,"column":55}},"30":{"start":{"line":72,"column":8},"end":{"line":72,"column":20}},"31":{"start":{"line":74,"column":4},"end":{"line":77,"column":5}},"32":{"start":{"line":75,"column":8},"end":{"line":75,"column":51}},"33":{"start":{"line":76,"column":8},"end":{"line":76,"column":20}},"34":{"start":{"line":78,"column":4},"end":{"line":78,"column":15}},"35":{"start":{"line":81,"column":0},"end":{"line":83,"column":1}},"36":{"start":{"line":82,"column":4},"end":{"line":82,"column":35}}},"fnMap":{"0":{"name":"createPersiste","decl":{"start":{"line":21,"column":9},"end":{"line":21,"column":23}},"loc":{"start":{"line":34,"column":8},"end":{"line":67,"column":1}},"line":34},"1":{"name":"(anonymous_1)","decl":{"start":{"line":25,"column":15},"end":{"line":25,"column":16}},"loc":{"start":{"line":25,"column":30},"end":{"line":27,"column":5}},"line":25},"2":{"name":"(anonymous_2)","decl":{"start":{"line":28,"column":15},"end":{"line":28,"column":16}},"loc":{"start":{"line":28,"column":29},"end":{"line":33,"column":5}},"line":28},"3":{"name":"(anonymous_3)","decl":{"start":{"line":35,"column":11},"end":{"line":35,"column":12}},"loc":{"start":{"line":35,"column":20},"end":{"line":66,"column":5}},"line":35},"4":{"name":"(anonymous_4)","decl":{"start":{"line":53,"column":24},"end":{"line":53,"column":25}},"loc":{"start":{"line":53,"column":45},"end":{"line":65,"column":9}},"line":53},"5":{"name":"checkoutParams","decl":{"start":{"line":69,"column":9},"end":{"line":69,"column":23}},"loc":{"start":{"line":69,"column":32},"end":{"line":79,"column":1}},"line":69}},"branchMap":{"0":{"loc":{"start":{"line":21,"column":25},"end":{"line":34,"column":6}},"type":"default-arg","locations":[{"start":{"line":34,"column":4},"end":{"line":34,"column":6}}],"line":21},"1":{"loc":{"start":{"line":22,"column":4},"end":{"line":22,"column":13}},"type":"default-arg","locations":[{"start":{"line":22,"column":9},"end":{"line":22,"column":13}}],"line":22},"2":{"loc":{"start":{"line":23,"column":4},"end":{"line":23,"column":13}},"type":"default-arg","locations":[{"start":{"line":23,"column":9},"end":{"line":23,"column":13}}],"line":23},"3":{"loc":{"start":{"line":24,"column":4},"end":{"line":24,"column":25}},"type":"default-arg","locations":[{"start":{"line":24,"column":15},"end":{"line":24,"column":25}}],"line":24},"4":{"loc":{"start":{"line":25,"column":4},"end":{"line":27,"column":5}},"type":"default-arg","locations":[{"start":{"line":25,"column":15},"end":{"line":27,"column":5}}],"line":25},"5":{"loc":{"start":{"line":28,"column":4},"end":{"line":33,"column":5}},"type":"default-arg","locations":[{"start":{"line":28,"column":15},"end":{"line":33,"column":5}}],"line":28},"6":{"loc":{"start":{"line":30,"column":8},"end":{"line":30,"column":30}},"type":"if","locations":[{"start":{"line":30,"column":8},"end":{"line":30,"column":30}},{"start":{"line":30,"column":8},"end":{"line":30,"column":30}}],"line":30},"7":{"loc":{"start":{"line":32,"column":15},"end":{"line":32,"column":43}},"type":"cond-expr","locations":[{"start":{"line":32,"column":22},"end":{"line":32,"column":36}},{"start":{"line":32,"column":39},"end":{"line":32,"column":43}}],"line":32},"8":{"loc":{"start":{"line":37,"column":8},"end":{"line":39,"column":28}},"type":"if","locations":[{"start":{"line":37,"column":8},"end":{"line":39,"column":28}},{"start":{"line":37,"column":8},"end":{"line":39,"column":28}}],"line":37},"9":{"loc":{"start":{"line":37,"column":12},"end":{"line":37,"column":36}},"type":"binary-expr","locations":[{"start":{"line":37,"column":12},"end":{"line":37,"column":14}},{"start":{"line":37,"column":18},"end":{"line":37,"column":36}}],"line":37},"10":{"loc":{"start":{"line":40,"column":8},"end":{"line":47,"column":28}},"type":"if","locations":[{"start":{"line":40,"column":8},"end":{"line":47,"column":28}},{"start":{"line":40,"column":8},"end":{"line":47,"column":28}}],"line":40},"11":{"loc":{"start":{"line":40,"column":12},"end":{"line":40,"column":36}},"type":"binary-expr","locations":[{"start":{"line":40,"column":12},"end":{"line":40,"column":14}},{"start":{"line":40,"column":18},"end":{"line":40,"column":36}}],"line":40},"12":{"loc":{"start":{"line":42,"column":12},"end":{"line":46,"column":13}},"type":"if","locations":[{"start":{"line":42,"column":12},"end":{"line":46,"column":13}},{"start":{"line":42,"column":12},"end":{"line":46,"column":13}}],"line":42},"13":{"loc":{"start":{"line":48,"column":8},"end":{"line":50,"column":9}},"type":"if","locations":[{"start":{"line":48,"column":8},"end":{"line":50,"column":9}},{"start":{"line":48,"column":8},"end":{"line":50,"column":9}}],"line":48},"14":{"loc":{"start":{"line":48,"column":12},"end":{"line":48,"column":22}},"type":"binary-expr","locations":[{"start":{"line":48,"column":12},"end":{"line":48,"column":15}},{"start":{"line":48,"column":19},"end":{"line":48,"column":22}}],"line":48},"15":{"loc":{"start":{"line":51,"column":8},"end":{"line":51,"column":61}},"type":"binary-expr","locations":[{"start":{"line":51,"column":8},"end":{"line":51,"column":12}},{"start":{"line":51,"column":16},"end":{"line":51,"column":61}}],"line":51},"16":{"loc":{"start":{"line":56,"column":8},"end":{"line":59,"column":9}},"type":"if","locations":[{"start":{"line":56,"column":8},"end":{"line":59,"column":9}},{"start":{"line":56,"column":8},"end":{"line":59,"column":9}}],"line":56},"17":{"loc":{"start":{"line":56,"column":12},"end":{"line":56,"column":55}},"type":"binary-expr","locations":[{"start":{"line":56,"column":12},"end":{"line":56,"column":14}},{"start":{"line":56,"column":18},"end":{"line":56,"column":55}}],"line":56},"18":{"loc":{"start":{"line":58,"column":12},"end":{"line":58,"column":26}},"type":"if","locations":[{"start":{"line":58,"column":12},"end":{"line":58,"column":26}},{"start":{"line":58,"column":12},"end":{"line":58,"column":26}}],"line":58},"19":{"loc":{"start":{"line":60,"column":8},"end":{"line":63,"column":9}},"type":"if","locations":[{"start":{"line":60,"column":8},"end":{"line":63,"column":9}},{"start":{"line":60,"column":8},"end":{"line":63,"column":9}}],"line":60},"20":{"loc":{"start":{"line":60,"column":12},"end":{"line":60,"column":55}},"type":"binary-expr","locations":[{"start":{"line":60,"column":12},"end":{"line":60,"column":14}},{"start":{"line":60,"column":18},"end":{"line":60,"column":55}}],"line":60},"21":{"loc":{"start":{"line":64,"column":8},"end":{"line":64,"column":53}},"type":"binary-expr","locations":[{"start":{"line":64,"column":8},"end":{"line":64,"column":11}},{"start":{"line":64,"column":15},"end":{"line":64,"column":18}},{"start":{"line":64,"column":22},"end":{"line":64,"column":53}}],"line":64},"22":{"loc":{"start":{"line":70,"column":4},"end":{"line":73,"column":5}},"type":"if","locations":[{"start":{"line":70,"column":4},"end":{"line":73,"column":5}},{"start":{"line":70,"column":4},"end":{"line":73,"column":5}}],"line":70},"23":{"loc":{"start":{"line":70,"column":10},"end":{"line":70,"column":43}},"type":"binary-expr","locations":[{"start":{"line":70,"column":10},"end":{"line":70,"column":26}},{"start":{"line":70,"column":30},"end":{"line":70,"column":43}}],"line":70},"24":{"loc":{"start":{"line":74,"column":4},"end":{"line":77,"column":5}},"type":"if","locations":[{"start":{"line":74,"column":4},"end":{"line":77,"column":5}},{"start":{"line":74,"column":4},"end":{"line":77,"column":5}}],"line":74},"25":{"loc":{"start":{"line":74,"column":10},"end":{"line":74,"column":62}},"type":"binary-expr","locations":[{"start":{"line":74,"column":10},"end":{"line":74,"column":32}},{"start":{"line":74,"column":36},"end":{"line":74,"column":62}}],"line":74},"26":{"loc":{"start":{"line":81,"column":0},"end":{"line":83,"column":1}},"type":"if","locations":[{"start":{"line":81,"column":0},"end":{"line":83,"column":1}},{"start":{"line":81,"column":0},"end":{"line":83,"column":1}}],"line":81},"27":{"loc":{"start":{"line":81,"column":4},"end":{"line":81,"column":64}},"type":"binary-expr","locations":[{"start":{"line":81,"column":4},"end":{"line":81,"column":31}},{"start":{"line":81,"column":35},"end":{"line":81,"column":64}}],"line":81}},"s":{"0":5,"1":9,"2":9,"3":2,"4":7,"5":8,"6":8,"7":8,"8":4,"9":4,"10":8,"11":2,"12":2,"13":1,"14":1,"15":6,"16":8,"17":3,"18":8,"19":8,"20":6,"21":1,"22":1,"23":1,"24":5,"25":2,"26":2,"27":3,"28":7,"29":1,"30":1,"31":6,"32":0,"33":0,"34":6,"35":1,"36":1},"f":{"0":8,"1":5,"2":9,"3":8,"4":6,"5":7},"b":{"0":[2],"1":[5],"2":[4],"3":[8],"4":[8],"5":[8],"6":[2,7],"7":[4,3],"8":[4,4],"9":[8,4],"10":[2,6],"11":[8,3],"12":[1,1],"13":[3,5],"14":[8,4],"15":[8,6],"16":[1,5],"17":[6,3],"18":[1,0],"19":[2,3],"20":[5,3],"21":[3,2,2],"22":[1,6],"23":[7,6],"24":[0,6],"25":[6,6],"26":[1,0],"27":[1,1]},"_coverageSchema":"332fd63041d2c1bcb487cc26dd0d5f7d97098a6c","hash":"ae7fd04712c88f5f433fdbaf994aca2f82b2981d"}
}
