TN:
SF:C:\Users\Administrator\Desktop\小轮子\vue-savedata\index.js
FN:21,createPersiste
FN:25,(anonymous_1)
FN:28,(anonymous_2)
FN:35,(anonymous_3)
FN:53,(anonymous_4)
FN:69,checkoutParams
FNF:6
FNH:6
FNDA:8,createPersiste
FNDA:5,(anonymous_1)
FNDA:9,(anonymous_2)
FNDA:8,(anonymous_3)
FNDA:6,(anonymous_4)
FNDA:7,checkoutParams
DA:26,5
DA:29,9
DA:30,9
DA:32,7
DA:35,8
DA:36,8
DA:37,8
DA:38,4
DA:39,4
DA:40,8
DA:41,2
DA:42,2
DA:43,1
DA:45,1
DA:47,6
DA:48,8
DA:49,3
DA:51,8
DA:53,8
DA:56,6
DA:57,1
DA:58,1
DA:60,5
DA:61,2
DA:62,2
DA:64,3
DA:70,7
DA:71,1
DA:72,1
DA:74,6
DA:75,0
DA:76,0
DA:78,6
DA:81,1
DA:82,1
LF:35
LH:33
BRDA:21,0,0,2
BRDA:22,1,0,5
BRDA:23,2,0,4
BRDA:24,3,0,8
BRDA:25,4,0,8
BRDA:28,5,0,8
BRDA:30,6,0,2
BRDA:30,6,1,7
BRDA:32,7,0,4
BRDA:32,7,1,3
BRDA:37,8,0,4
BRDA:37,8,1,4
BRDA:37,9,0,8
BRDA:37,9,1,4
BRDA:40,10,0,2
BRDA:40,10,1,6
BRDA:40,11,0,8
BRDA:40,11,1,3
BRDA:42,12,0,1
BRDA:42,12,1,1
BRDA:48,13,0,3
BRDA:48,13,1,5
BRDA:48,14,0,8
BRDA:48,14,1,4
BRDA:51,15,0,8
BRDA:51,15,1,6
BRDA:56,16,0,1
BRDA:56,16,1,5
BRDA:56,17,0,6
BRDA:56,17,1,3
BRDA:58,18,0,1
BRDA:58,18,1,0
BRDA:60,19,0,2
BRDA:60,19,1,3
BRDA:60,20,0,5
BRDA:60,20,1,3
BRDA:64,21,0,3
BRDA:64,21,1,2
BRDA:64,21,2,2
BRDA:70,22,0,1
BRDA:70,22,1,6
BRDA:70,23,0,7
BRDA:70,23,1,6
BRDA:74,24,0,0
BRDA:74,24,1,6
BRDA:74,25,0,6
BRDA:74,25,1,6
BRDA:81,26,0,1
BRDA:81,26,1,0
BRDA:81,27,0,1
BRDA:81,27,1,1
BRF:51
BRH:48
end_of_record
